C:\Users\msantillan\Web Developments\WebApp\client\wwwroot\client\dist\out-tsc\app\app.component.js
C:\Users\msantillan\Web Developments\WebApp\client\wwwroot\client\dist\out-tsc\app\app.component.js.map
C:\Users\msantillan\Web Developments\WebApp\client\wwwroot\client\dist\out-tsc\app\app.component.d.ts
C:\Users\msantillan\Web Developments\WebApp\client\wwwroot\client\dist\out-tsc\app\shared\Product.js
C:\Users\msantillan\Web Developments\WebApp\client\wwwroot\client\dist\out-tsc\app\shared\Product.js.map
C:\Users\msantillan\Web Developments\WebApp\client\wwwroot\client\dist\out-tsc\app\shared\Product.d.ts
C:\Users\msantillan\Web Developments\WebApp\client\wwwroot\client\dist\out-tsc\app\shared\Order.js
C:\Users\msantillan\Web Developments\WebApp\client\wwwroot\client\dist\out-tsc\app\shared\Order.js.map
C:\Users\msantillan\Web Developments\WebApp\client\wwwroot\client\dist\out-tsc\app\shared\Order.d.ts
C:\Users\msantillan\Web Developments\WebApp\client\wwwroot\client\dist\out-tsc\app\shared\LoginResults.js
C:\Users\msantillan\Web Developments\WebApp\client\wwwroot\client\dist\out-tsc\app\shared\LoginResults.js.map
C:\Users\msantillan\Web Developments\WebApp\client\wwwroot\client\dist\out-tsc\app\shared\LoginResults.d.ts
C:\Users\msantillan\Web Developments\WebApp\client\wwwroot\client\dist\out-tsc\app\services\store.services.js
C:\Users\msantillan\Web Developments\WebApp\client\wwwroot\client\dist\out-tsc\app\services\store.services.js.map
C:\Users\msantillan\Web Developments\WebApp\client\wwwroot\client\dist\out-tsc\app\services\store.services.d.ts
C:\Users\msantillan\Web Developments\WebApp\client\wwwroot\client\dist\out-tsc\app\views\productListView.component.js
C:\Users\msantillan\Web Developments\WebApp\client\wwwroot\client\dist\out-tsc\app\views\productListView.component.js.map
C:\Users\msantillan\Web Developments\WebApp\client\wwwroot\client\dist\out-tsc\app\views\productListView.component.d.ts
C:\Users\msantillan\Web Developments\WebApp\client\wwwroot\client\dist\out-tsc\app\views\cartView.component.js
C:\Users\msantillan\Web Developments\WebApp\client\wwwroot\client\dist\out-tsc\app\views\cartView.component.js.map
C:\Users\msantillan\Web Developments\WebApp\client\wwwroot\client\dist\out-tsc\app\views\cartView.component.d.ts
C:\Users\msantillan\Web Developments\WebApp\client\wwwroot\client\dist\out-tsc\app\shared\dataService.js
C:\Users\msantillan\Web Developments\WebApp\client\wwwroot\client\dist\out-tsc\app\shared\dataService.js.map
C:\Users\msantillan\Web Developments\WebApp\client\wwwroot\client\dist\out-tsc\app\shared\dataService.d.ts
C:\Users\msantillan\Web Developments\WebApp\client\wwwroot\client\dist\out-tsc\app\pages\checkout.component.js
C:\Users\msantillan\Web Developments\WebApp\client\wwwroot\client\dist\out-tsc\app\pages\checkout.component.js.map
C:\Users\msantillan\Web Developments\WebApp\client\wwwroot\client\dist\out-tsc\app\pages\checkout.component.d.ts
C:\Users\msantillan\Web Developments\WebApp\client\wwwroot\client\dist\out-tsc\app\pages\loginPage.component.js
C:\Users\msantillan\Web Developments\WebApp\client\wwwroot\client\dist\out-tsc\app\pages\loginPage.component.js.map
C:\Users\msantillan\Web Developments\WebApp\client\wwwroot\client\dist\out-tsc\app\pages\loginPage.component.d.ts
C:\Users\msantillan\Web Developments\WebApp\client\wwwroot\client\dist\out-tsc\app\pages\shopPage.component.js
C:\Users\msantillan\Web Developments\WebApp\client\wwwroot\client\dist\out-tsc\app\pages\shopPage.component.js.map
C:\Users\msantillan\Web Developments\WebApp\client\wwwroot\client\dist\out-tsc\app\pages\shopPage.component.d.ts
C:\Users\msantillan\Web Developments\WebApp\client\wwwroot\client\dist\out-tsc\app\services\authActivator.service.js
C:\Users\msantillan\Web Developments\WebApp\client\wwwroot\client\dist\out-tsc\app\services\authActivator.service.js.map
C:\Users\msantillan\Web Developments\WebApp\client\wwwroot\client\dist\out-tsc\app\services\authActivator.service.d.ts
C:\Users\msantillan\Web Developments\WebApp\client\wwwroot\client\dist\out-tsc\app\router\index.js
C:\Users\msantillan\Web Developments\WebApp\client\wwwroot\client\dist\out-tsc\app\router\index.js.map
C:\Users\msantillan\Web Developments\WebApp\client\wwwroot\client\dist\out-tsc\app\router\index.d.ts
C:\Users\msantillan\Web Developments\WebApp\client\wwwroot\client\dist\out-tsc\app\app.module.js
C:\Users\msantillan\Web Developments\WebApp\client\wwwroot\client\dist\out-tsc\app\app.module.js.map
C:\Users\msantillan\Web Developments\WebApp\client\wwwroot\client\dist\out-tsc\app\app.module.d.ts
C:\Users\msantillan\Web Developments\WebApp\client\wwwroot\client\dist\out-tsc\environments\environment.js
C:\Users\msantillan\Web Developments\WebApp\client\wwwroot\client\dist\out-tsc\environments\environment.js.map
C:\Users\msantillan\Web Developments\WebApp\client\wwwroot\client\dist\out-tsc\environments\environment.d.ts
C:\Users\msantillan\Web Developments\WebApp\client\wwwroot\client\dist\out-tsc\main.js
C:\Users\msantillan\Web Developments\WebApp\client\wwwroot\client\dist\out-tsc\main.js.map
C:\Users\msantillan\Web Developments\WebApp\client\wwwroot\client\dist\out-tsc\main.d.ts
C:\Users\msantillan\Web Developments\WebApp\client\wwwroot\client\dist\out-tsc\polyfills.js
C:\Users\msantillan\Web Developments\WebApp\client\wwwroot\client\dist\out-tsc\polyfills.js.map
C:\Users\msantillan\Web Developments\WebApp\client\wwwroot\client\dist\out-tsc\polyfills.d.ts
C:\Users\msantillan\Web Developments\WebApp\client\wwwroot\client\dist\out-tsc\environments\environment.prod.js
C:\Users\msantillan\Web Developments\WebApp\client\wwwroot\client\dist\out-tsc\environments\environment.prod.js.map
C:\Users\msantillan\Web Developments\WebApp\client\wwwroot\client\dist\out-tsc\environments\environment.prod.d.ts
